[0m[[0m[0mdebug[0m] [0m[0m> Exec(runMain com.sbt_test_project.Main, Some(c6bc4e6f-37b5-4893-b59c-6798ca93aadb), Some(CommandSource(console0)))[0m
[0m[[0m[0mdebug[0m] [0m[0mEvaluating tasks: Compile / runMain[0m
[0m[[0m[0mdebug[0m] [0m[0mRunning task... Cancel: Signal, check cycles: false, forcegc: true[0m
[0m[[0m[0mdebug[0m] [0m[0mjsonRpcNotify: JsonRpcNotificationMessage(2.0, build/taskStart, {"taskId":{"id":"2","parents":[]},"eventTime":1681963496987,"message":"Compiling sbt_test_project","dataKind":"compile-task","data":{"target":{"uri":"file:/Users/jakehclark/IdeaProjects/sbt_test_project/#sbt_test_project/Compile"}}})[0m
[0m[[0m[0minfo[0m] [0m[0mcompiling 1 Scala source to /Users/jakehclark/IdeaProjects/sbt_test_project/target/scala-2.13/classes ...[0m
[0m[[0m[0mdebug[0m] [0m[0mjsonRpcNotify: JsonRpcNotificationMessage(2.0, build/logMessage, {"type":3,"message":"compiling 1 Scala source to /Users/jakehclark/IdeaProjects/sbt_test_project/target/scala-2.13/classes ..."})[0m
[0m[[0m[0mdebug[0m] [0m[0mjsonRpcNotify: JsonRpcNotificationMessage(2.0, build/taskProgress, {"taskId":{"id":"2","parents":[]},"eventTime":1681963497953,"message":"Compiling sbt_test_project (15%)","total":26,"progress":15,"dataKind":"compile-progress","data":{"target":{"uri":"file:/Users/jakehclark/IdeaProjects/sbt_test_project/#sbt_test_project/Compile"}}})[0m
[0m[[0m[0mdebug[0m] [0m[0mjsonRpcNotify: JsonRpcNotificationMessage(2.0, build/taskProgress, {"taskId":{"id":"2","parents":[]},"eventTime":1681963497955,"message":"Compiling sbt_test_project (15%)","total":26,"progress":15,"dataKind":"compile-progress","data":{"target":{"uri":"file:/Users/jakehclark/IdeaProjects/sbt_test_project/#sbt_test_project/Compile"}}})[0m
[0m[[0m[0mdebug[0m] [0m[0mjsonRpcNotify: JsonRpcNotificationMessage(2.0, build/taskProgress, {"taskId":{"id":"2","parents":[]},"eventTime":1681963497986,"message":"Compiling sbt_test_project (30%)","total":26,"progress":30,"dataKind":"compile-progress","data":{"target":{"uri":"file:/Users/jakehclark/IdeaProjects/sbt_test_project/#sbt_test_project/Compile"}}})[0m
[0m[[0m[0mdebug[0m] [0m[0mjsonRpcNotify: JsonRpcNotificationMessage(2.0, build/taskProgress, {"taskId":{"id":"2","parents":[]},"eventTime":1681963497988,"message":"Compiling sbt_test_project (30%)","total":26,"progress":30,"dataKind":"compile-progress","data":{"target":{"uri":"file:/Users/jakehclark/IdeaProjects/sbt_test_project/#sbt_test_project/Compile"}}})[0m
[0m[[0m[0mdebug[0m] [0m[0mjsonRpcNotify: JsonRpcNotificationMessage(2.0, build/taskProgress, {"taskId":{"id":"2","parents":[]},"eventTime":1681963498023,"message":"Compiling sbt_test_project (50%)","total":26,"progress":50,"dataKind":"compile-progress","data":{"target":{"uri":"file:/Users/jakehclark/IdeaProjects/sbt_test_project/#sbt_test_project/Compile"}}})[0m
[0m[[0m[0mdebug[0m] [0m[0mjsonRpcNotify: JsonRpcNotificationMessage(2.0, build/taskProgress, {"taskId":{"id":"2","parents":[]},"eventTime":1681963498023,"message":"Compiling sbt_test_project (50%)","total":26,"progress":50,"dataKind":"compile-progress","data":{"target":{"uri":"file:/Users/jakehclark/IdeaProjects/sbt_test_project/#sbt_test_project/Compile"}}})[0m
[0m[[0m[0mdebug[0m] [0m[0mjsonRpcNotify: JsonRpcNotificationMessage(2.0, build/taskProgress, {"taskId":{"id":"2","parents":[]},"eventTime":1681963498238,"message":"Compiling sbt_test_project (65%)","total":26,"progress":65,"dataKind":"compile-progress","data":{"target":{"uri":"file:/Users/jakehclark/IdeaProjects/sbt_test_project/#sbt_test_project/Compile"}}})[0m
[0m[[0m[0mdebug[0m] [0m[0mjsonRpcNotify: JsonRpcNotificationMessage(2.0, build/taskProgress, {"taskId":{"id":"2","parents":[]},"eventTime":1681963498239,"message":"Compiling sbt_test_project (65%)","total":26,"progress":65,"dataKind":"compile-progress","data":{"target":{"uri":"file:/Users/jakehclark/IdeaProjects/sbt_test_project/#sbt_test_project/Compile"}}})[0m
[0m[[0m[0mdebug[0m] [0m[0mjsonRpcNotify: JsonRpcNotificationMessage(2.0, build/taskProgress, {"taskId":{"id":"2","parents":[]},"eventTime":1681963498252,"message":"Compiling sbt_test_project (80%)","total":26,"progress":80,"dataKind":"compile-progress","data":{"target":{"uri":"file:/Users/jakehclark/IdeaProjects/sbt_test_project/#sbt_test_project/Compile"}}})[0m
[0m[[0m[0mdebug[0m] [0m[0mjsonRpcNotify: JsonRpcNotificationMessage(2.0, build/taskProgress, {"taskId":{"id":"2","parents":[]},"eventTime":1681963498252,"message":"Compiling sbt_test_project (80%)","total":26,"progress":80,"dataKind":"compile-progress","data":{"target":{"uri":"file:/Users/jakehclark/IdeaProjects/sbt_test_project/#sbt_test_project/Compile"}}})[0m
[0m[[0m[0mdebug[0m] [0m[0mjsonRpcNotify: JsonRpcNotificationMessage(2.0, build/taskProgress, {"taskId":{"id":"2","parents":[]},"eventTime":1681963498339,"message":"Compiling sbt_test_project (100%)","total":26,"progress":100,"dataKind":"compile-progress","data":{"target":{"uri":"file:/Users/jakehclark/IdeaProjects/sbt_test_project/#sbt_test_project/Compile"}}})[0m
[0m[[0m[0mdebug[0m] [0m[0mjsonRpcNotify: JsonRpcNotificationMessage(2.0, build/taskProgress, {"taskId":{"id":"2","parents":[]},"eventTime":1681963498339,"message":"Compiling sbt_test_project (100%)","total":26,"progress":100,"dataKind":"compile-progress","data":{"target":{"uri":"file:/Users/jakehclark/IdeaProjects/sbt_test_project/#sbt_test_project/Compile"}}})[0m
[0m[[0m[0mdebug[0m] [0m[0mjsonRpcNotify: JsonRpcNotificationMessage(2.0, build/taskFinish, {"taskId":{"id":"2","parents":[]},"eventTime":1681963498344,"message":"Compiled sbt_test_project","status":1,"dataKind":"compile-report","data":{"target":{"uri":"file:/Users/jakehclark/IdeaProjects/sbt_test_project/#sbt_test_project/Compile"},"errors":0,"warnings":0,"time":1357}})[0m
[0m[[0m[0mdebug[0m] [0m[0mjsonRpcNotify: JsonRpcNotificationMessage(2.0, build/logMessage, {"type":3,"message":"running com.sbt_test_project.Main "})[0m
[0m[[0m[0mdebug[0m] [0m[0mjsonRpcNotify: JsonRpcNotificationMessage(2.0, build/logMessage, {"type":4,"message":"  Classpath:\n\t/Users/jakehclark/IdeaProjects/sbt_test_project/target/bg-jobs/sbt_5227b013/job-1/target/a374fd30/fd90e542/sbt_test_project_2.13-1.0.jar\n\t/Users/jakehclark/IdeaProjects/sbt_test_project/target/bg-jobs/sbt_5227b013/target/c2598031/0ac5e1ed/scala-library-2.13.8.jar\n\t/Users/jakehclark/IdeaProjects/sbt_test_project/target/bg-jobs/sbt_5227b013/target/d79a2104/c895e8ae/fansi_2.13-0.4.0.jar\n\t/Users/jakehclark/IdeaProjects/sbt_test_project/target/bg-jobs/sbt_5227b013/target/7d06428c/588866b0/sourcecode_2.13-0.3.0.jar"})[0m
[0m[[0m[32msuccess[0m] [0m[0mTotal time: 2 s, completed Apr 19, 2023, 11:04:58 PM[0m
[0m[[0m[0mdebug[0m] [0m[0m> Exec(shell, None, None)[0m
