[0m[[0m[0mdebug[0m] [0m[0m> Exec(runMain com.sbt_test_project.Main, Some(337fc082-0d22-44f3-b7f4-b4f639dc896d), Some(CommandSource(console0)))[0m
[0m[[0m[0mdebug[0m] [0m[0mEvaluating tasks: Compile / runMain[0m
[0m[[0m[0mdebug[0m] [0m[0mRunning task... Cancel: Signal, check cycles: false, forcegc: true[0m
[0m[[0m[0mdebug[0m] [0m[0mjsonRpcNotify: JsonRpcNotificationMessage(2.0, build/taskStart, {"taskId":{"id":"3","parents":[]},"eventTime":1681963514273,"message":"Compiling sbt_test_project","dataKind":"compile-task","data":{"target":{"uri":"file:/Users/jakehclark/IdeaProjects/sbt_test_project/#sbt_test_project/Compile"}}})[0m
[0m[[0m[0minfo[0m] [0m[0mcompiling 1 Scala source to /Users/jakehclark/IdeaProjects/sbt_test_project/target/scala-2.13/classes ...[0m
[0m[[0m[0mdebug[0m] [0m[0mjsonRpcNotify: JsonRpcNotificationMessage(2.0, build/logMessage, {"type":3,"message":"compiling 1 Scala source to /Users/jakehclark/IdeaProjects/sbt_test_project/target/scala-2.13/classes ..."})[0m
[0m[[0m[0mdebug[0m] [0m[0mjsonRpcNotify: JsonRpcNotificationMessage(2.0, build/taskProgress, {"taskId":{"id":"3","parents":[]},"eventTime":1681963514367,"message":"Compiling sbt_test_project (15%)","total":26,"progress":15,"dataKind":"compile-progress","data":{"target":{"uri":"file:/Users/jakehclark/IdeaProjects/sbt_test_project/#sbt_test_project/Compile"}}})[0m
[0m[[0m[0mdebug[0m] [0m[0mjsonRpcNotify: JsonRpcNotificationMessage(2.0, build/taskProgress, {"taskId":{"id":"3","parents":[]},"eventTime":1681963514367,"message":"Compiling sbt_test_project (15%)","total":26,"progress":15,"dataKind":"compile-progress","data":{"target":{"uri":"file:/Users/jakehclark/IdeaProjects/sbt_test_project/#sbt_test_project/Compile"}}})[0m
[0m[[0m[0mdebug[0m] [0m[0mjsonRpcNotify: JsonRpcNotificationMessage(2.0, build/taskProgress, {"taskId":{"id":"3","parents":[]},"eventTime":1681963514373,"message":"Compiling sbt_test_project (30%)","total":26,"progress":30,"dataKind":"compile-progress","data":{"target":{"uri":"file:/Users/jakehclark/IdeaProjects/sbt_test_project/#sbt_test_project/Compile"}}})[0m
[0m[[0m[0mdebug[0m] [0m[0mjsonRpcNotify: JsonRpcNotificationMessage(2.0, build/taskProgress, {"taskId":{"id":"3","parents":[]},"eventTime":1681963514373,"message":"Compiling sbt_test_project (30%)","total":26,"progress":30,"dataKind":"compile-progress","data":{"target":{"uri":"file:/Users/jakehclark/IdeaProjects/sbt_test_project/#sbt_test_project/Compile"}}})[0m
[0m[[0m[0mdebug[0m] [0m[0mjsonRpcNotify: JsonRpcNotificationMessage(2.0, build/taskProgress, {"taskId":{"id":"3","parents":[]},"eventTime":1681963514378,"message":"Compiling sbt_test_project (50%)","total":26,"progress":50,"dataKind":"compile-progress","data":{"target":{"uri":"file:/Users/jakehclark/IdeaProjects/sbt_test_project/#sbt_test_project/Compile"}}})[0m
[0m[[0m[0mdebug[0m] [0m[0mjsonRpcNotify: JsonRpcNotificationMessage(2.0, build/taskProgress, {"taskId":{"id":"3","parents":[]},"eventTime":1681963514378,"message":"Compiling sbt_test_project (50%)","total":26,"progress":50,"dataKind":"compile-progress","data":{"target":{"uri":"file:/Users/jakehclark/IdeaProjects/sbt_test_project/#sbt_test_project/Compile"}}})[0m
[0m[[0m[0mdebug[0m] [0m[0mjsonRpcNotify: JsonRpcNotificationMessage(2.0, build/taskProgress, {"taskId":{"id":"3","parents":[]},"eventTime":1681963514446,"message":"Compiling sbt_test_project (65%)","total":26,"progress":65,"dataKind":"compile-progress","data":{"target":{"uri":"file:/Users/jakehclark/IdeaProjects/sbt_test_project/#sbt_test_project/Compile"}}})[0m
[0m[[0m[0mdebug[0m] [0m[0mjsonRpcNotify: JsonRpcNotificationMessage(2.0, build/taskProgress, {"taskId":{"id":"3","parents":[]},"eventTime":1681963514446,"message":"Compiling sbt_test_project (65%)","total":26,"progress":65,"dataKind":"compile-progress","data":{"target":{"uri":"file:/Users/jakehclark/IdeaProjects/sbt_test_project/#sbt_test_project/Compile"}}})[0m
[0m[[0m[0mdebug[0m] [0m[0mjsonRpcNotify: JsonRpcNotificationMessage(2.0, build/taskProgress, {"taskId":{"id":"3","parents":[]},"eventTime":1681963514448,"message":"Compiling sbt_test_project (80%)","total":26,"progress":80,"dataKind":"compile-progress","data":{"target":{"uri":"file:/Users/jakehclark/IdeaProjects/sbt_test_project/#sbt_test_project/Compile"}}})[0m
[0m[[0m[0mdebug[0m] [0m[0mjsonRpcNotify: JsonRpcNotificationMessage(2.0, build/taskProgress, {"taskId":{"id":"3","parents":[]},"eventTime":1681963514448,"message":"Compiling sbt_test_project (80%)","total":26,"progress":80,"dataKind":"compile-progress","data":{"target":{"uri":"file:/Users/jakehclark/IdeaProjects/sbt_test_project/#sbt_test_project/Compile"}}})[0m
[0m[[0m[0mdebug[0m] [0m[0mjsonRpcNotify: JsonRpcNotificationMessage(2.0, build/taskProgress, {"taskId":{"id":"3","parents":[]},"eventTime":1681963514458,"message":"Compiling sbt_test_project (100%)","total":26,"progress":100,"dataKind":"compile-progress","data":{"target":{"uri":"file:/Users/jakehclark/IdeaProjects/sbt_test_project/#sbt_test_project/Compile"}}})[0m
[0m[[0m[0mdebug[0m] [0m[0mjsonRpcNotify: JsonRpcNotificationMessage(2.0, build/taskProgress, {"taskId":{"id":"3","parents":[]},"eventTime":1681963514459,"message":"Compiling sbt_test_project (100%)","total":26,"progress":100,"dataKind":"compile-progress","data":{"target":{"uri":"file:/Users/jakehclark/IdeaProjects/sbt_test_project/#sbt_test_project/Compile"}}})[0m
[0m[[0m[33mwarn[0m] [0m[0m2 deprecations (since 2.13.3); re-run with -deprecation for details[0m
[0m[[0m[0mdebug[0m] [0m[0mjsonRpcNotify: JsonRpcNotificationMessage(2.0, build/logMessage, {"type":2,"message":"2 deprecations (since 2.13.3); re-run with -deprecation for details"})[0m
[0m[[0m[33mwarn[0m] [0m[0mone warning found[0m
[0m[[0m[0mdebug[0m] [0m[0mjsonRpcNotify: JsonRpcNotificationMessage(2.0, build/logMessage, {"type":2,"message":"one warning found"})[0m
[0m[[0m[0mdebug[0m] [0m[0mjsonRpcNotify: JsonRpcNotificationMessage(2.0, build/taskFinish, {"taskId":{"id":"3","parents":[]},"eventTime":1681963514471,"message":"Compiled sbt_test_project","status":1,"dataKind":"compile-report","data":{"target":{"uri":"file:/Users/jakehclark/IdeaProjects/sbt_test_project/#sbt_test_project/Compile"},"errors":0,"warnings":0,"time":198}})[0m
[0m[[0m[0mdebug[0m] [0m[0mjsonRpcNotify: JsonRpcNotificationMessage(2.0, build/logMessage, {"type":3,"message":"running com.sbt_test_project.Main "})[0m
[0m[[0m[0mdebug[0m] [0m[0mjsonRpcNotify: JsonRpcNotificationMessage(2.0, build/logMessage, {"type":4,"message":"  Classpath:\n\t/Users/jakehclark/IdeaProjects/sbt_test_project/target/bg-jobs/sbt_5227b013/job-2/target/a374fd30/f10707e6/sbt_test_project_2.13-1.0.jar\n\t/Users/jakehclark/IdeaProjects/sbt_test_project/target/bg-jobs/sbt_5227b013/target/c2598031/0ac5e1ed/scala-library-2.13.8.jar\n\t/Users/jakehclark/IdeaProjects/sbt_test_project/target/bg-jobs/sbt_5227b013/target/d79a2104/c895e8ae/fansi_2.13-0.4.0.jar\n\t/Users/jakehclark/IdeaProjects/sbt_test_project/target/bg-jobs/sbt_5227b013/target/7d06428c/588866b0/sourcecode_2.13-0.3.0.jar"})[0m
[0m[[0m[32msuccess[0m] [0m[0mTotal time: 0 s, completed Apr 19, 2023, 11:05:14 PM[0m
[0m[[0m[0mdebug[0m] [0m[0m> Exec(shell, None, None)[0m
[0m[[0m[0mdebug[0m] [0m[0mUnhandled notification received: $/setTraceNotification: JsonRpcNotificationMessage(2.0, $/setTraceNotification, {"value":"off"})[0m
